  main.cpp
C:\Users\jay40\source\repos\T_Threads\T_Threads\TaskScheduler\Task.h(72,46): warning C4244: '=': conversion from 'double' to 'float', possible loss of data
  (compiling source file 'main.cpp')
  
C:\Users\jay40\source\repos\T_Threads\T_Threads\TaskScheduler\Task.h(89,49): warning C4244: '=': conversion from 'double' to 'float', possible loss of data
  (compiling source file 'main.cpp')
  
  Epochs.cpp
C:\Users\jay40\source\repos\T_Threads\T_Threads\TaskScheduler\Epochs.h(97,21): warning C4150: deletion of pointer to incomplete type 'T_Threads::DelayedTask'; no destructor called
  (compiling source file 'TaskScheduler/Epochs.cpp')
      C:\Users\jay40\source\repos\T_Threads\T_Threads\TaskScheduler\Epochs.h(13,9):
      see declaration of 'T_Threads::DelayedTask'
      C:\Users\jay40\source\repos\T_Threads\T_Threads\TaskScheduler\Epochs.h(97,21):
      the template instantiation context (the oldest one first) is
          C:\Users\jay40\source\repos\T_Threads\T_Threads\TaskScheduler\Epochs.h(101,4):
          see reference to function template instantiation 'void T_Threads::EpochManager::retirePtr<T_Threads::DelayedTask>(T *,size_t)' being compiled
          with
          [
              T=T_Threads::DelayedTask
          ]
  
C:\Users\jay40\source\repos\T_Threads\T_Threads\TaskScheduler\Epochs.h(97,21): warning C4150: deletion of pointer to incomplete type 'T_Threads::PeriodicTask'; no destructor called
  (compiling source file 'TaskScheduler/Epochs.cpp')
      C:\Users\jay40\source\repos\T_Threads\T_Threads\TaskScheduler\Epochs.h(14,9):
      see declaration of 'T_Threads::PeriodicTask'
      C:\Users\jay40\source\repos\T_Threads\T_Threads\TaskScheduler\Epochs.h(97,21):
      the template instantiation context (the oldest one first) is
          C:\Users\jay40\source\repos\T_Threads\T_Threads\TaskScheduler\Epochs.h(104,4):
          see reference to function template instantiation 'void T_Threads::EpochManager::retirePtr<T_Threads::PeriodicTask>(T *,size_t)' being compiled
          with
          [
              T=T_Threads::PeriodicTask
          ]
  
  TaskScheduler.cpp
C:\Users\jay40\source\repos\T_Threads\T_Threads\TaskScheduler\Task.h(72,46): warning C4244: '=': conversion from 'double' to 'float', possible loss of data
  (compiling source file 'TaskScheduler/TaskScheduler.cpp')
  
C:\Users\jay40\source\repos\T_Threads\T_Threads\TaskScheduler\Task.h(89,49): warning C4244: '=': conversion from 'double' to 'float', possible loss of data
  (compiling source file 'TaskScheduler/TaskScheduler.cpp')
  
C:\Users\jay40\source\repos\T_Threads\T_Threads\TaskScheduler\TaskScheduler.cpp(215,49): warning C4244: 'argument': conversion from 'double' to 'float', possible loss of data
C:\Users\jay40\source\repos\T_Threads\T_Threads\TaskScheduler\TaskScheduler.cpp(226,55): warning C4244: 'argument': conversion from 'double' to 'float', possible loss of data
C:\Users\jay40\source\repos\T_Threads\T_Threads\TaskScheduler\TaskScheduler.cpp(291,38): warning C4267: 'argument': conversion from 'size_t' to 'const _Ty', possible loss of data
C:\Users\jay40\source\repos\T_Threads\T_Threads\TaskScheduler\TaskScheduler.cpp(291,38): warning C4267:         with
C:\Users\jay40\source\repos\T_Threads\T_Threads\TaskScheduler\TaskScheduler.cpp(291,38): warning C4267:         [
C:\Users\jay40\source\repos\T_Threads\T_Threads\TaskScheduler\TaskScheduler.cpp(291,38): warning C4267:             _Ty=int
C:\Users\jay40\source\repos\T_Threads\T_Threads\TaskScheduler\TaskScheduler.cpp(291,38): warning C4267:         ]
  T_Thread.cpp
C:\Users\jay40\source\repos\T_Threads\T_Threads\TaskScheduler\Task.h(72,46): warning C4244: '=': conversion from 'double' to 'float', possible loss of data
  (compiling source file 'TaskScheduler/T_Thread.cpp')
  
C:\Users\jay40\source\repos\T_Threads\T_Threads\TaskScheduler\Task.h(89,49): warning C4244: '=': conversion from 'double' to 'float', possible loss of data
  (compiling source file 'TaskScheduler/T_Thread.cpp')
  
C:\Users\jay40\source\repos\T_Threads\T_Threads\TaskScheduler\T_Thread.cpp(41,17): warning C4267: '=': conversion from 'size_t' to 'int', possible loss of data
  Clock.cpp
  Generating Code...
  T_Threads.vcxproj -> C:\Users\jay40\source\repos\T_Threads\x64\Debug\T_Threads.exe
